<?xml version="1.0" encoding="UTF-8"?>
<testsuite name="org.apache.ranger.rest.TestTagREST" time="0.125" tests="61" errors="0" skipped="0" failures="0">
  <properties>
    <property name="java.runtime.name" value="OpenJDK Runtime Environment"/>
    <property name="sun.boot.library.path" value="/usr/lib/jvm/java-8-openjdk-amd64/jre/lib/amd64"/>
    <property name="java.vm.version" value="25.141-b15"/>
    <property name="java.vm.vendor" value="Oracle Corporation"/>
    <property name="maven.multiModuleProjectDirectory" value="/mnt"/>
    <property name="java.vendor.url" value="http://java.oracle.com/"/>
    <property name="path.separator" value=":"/>
    <property name="guice.disable.misplaced.annotation.check" value="true"/>
    <property name="java.vm.name" value="OpenJDK 64-Bit Server VM"/>
    <property name="file.encoding.pkg" value="sun.io"/>
    <property name="sun.java.launcher" value="SUN_STANDARD"/>
    <property name="sun.os.patch.level" value="unknown"/>
    <property name="java.vm.specification.name" value="Java Virtual Machine Specification"/>
    <property name="user.dir" value="/mnt"/>
    <property name="java.runtime.version" value="1.8.0_141-8u141-b15-1~deb9u1-b15"/>
    <property name="java.awt.graphicsenv" value="sun.awt.X11GraphicsEnvironment"/>
    <property name="java.endorsed.dirs" value="/usr/lib/jvm/java-8-openjdk-amd64/jre/lib/endorsed"/>
    <property name="os.arch" value="amd64"/>
    <property name="java.io.tmpdir" value="/tmp"/>
    <property name="line.separator" value="&#10;"/>
    <property name="java.vm.specification.vendor" value="Oracle Corporation"/>
    <property name="os.name" value="Linux"/>
    <property name="classworlds.conf" value="/usr/share/maven/bin/m2.conf"/>
    <property name="sun.jnu.encoding" value="UTF-8"/>
    <property name="java.library.path" value="/usr/java/packages/lib/amd64:/usr/lib/x86_64-linux-gnu/jni:/lib/x86_64-linux-gnu:/usr/lib/x86_64-linux-gnu:/usr/lib/jni:/lib:/usr/lib"/>
    <property name="maven.conf" value="/usr/share/maven/conf"/>
    <property name="java.specification.name" value="Java Platform API Specification"/>
    <property name="java.class.version" value="52.0"/>
    <property name="sun.management.compiler" value="HotSpot 64-Bit Tiered Compilers"/>
    <property name="skipTests" value="false"/>
    <property name="os.version" value="4.4.0-96-generic"/>
    <property name="library.jansi.path" value="/usr/share/maven/lib/jansi-native/linux64"/>
    <property name="user.home" value="/root"/>
    <property name="user.timezone" value="Etc/UTC"/>
    <property name="java.awt.printerjob" value="sun.print.PSPrinterJob"/>
    <property name="java.specification.version" value="1.8"/>
    <property name="file.encoding" value="UTF-8"/>
    <property name="user.name" value="root"/>
    <property name="java.class.path" value="/usr/share/maven/boot/plexus-classworlds-2.5.2.jar"/>
    <property name="java.vm.specification.version" value="1.8"/>
    <property name="sun.arch.data.model" value="64"/>
    <property name="java.home" value="/usr/lib/jvm/java-8-openjdk-amd64/jre"/>
    <property name="sun.java.command" value="org.codehaus.plexus.classworlds.launcher.Launcher -DskipTests=false clean compile package install assembly:assembly"/>
    <property name="java.specification.vendor" value="Oracle Corporation"/>
    <property name="user.language" value="en"/>
    <property name="awt.toolkit" value="sun.awt.X11.XToolkit"/>
    <property name="java.vm.info" value="mixed mode"/>
    <property name="java.version" value="1.8.0_141"/>
    <property name="java.ext.dirs" value="/usr/lib/jvm/java-8-openjdk-amd64/jre/lib/ext:/usr/java/packages/lib/ext"/>
    <property name="securerandom.source" value="file:/dev/./urandom"/>
    <property name="sun.boot.class.path" value="/usr/lib/jvm/java-8-openjdk-amd64/jre/lib/resources.jar:/usr/lib/jvm/java-8-openjdk-amd64/jre/lib/rt.jar:/usr/lib/jvm/java-8-openjdk-amd64/jre/lib/sunrsasign.jar:/usr/lib/jvm/java-8-openjdk-amd64/jre/lib/jsse.jar:/usr/lib/jvm/java-8-openjdk-amd64/jre/lib/jce.jar:/usr/lib/jvm/java-8-openjdk-amd64/jre/lib/charsets.jar:/usr/lib/jvm/java-8-openjdk-amd64/jre/lib/jfr.jar:/usr/lib/jvm/java-8-openjdk-amd64/jre/classes"/>
    <property name="java.vendor" value="Oracle Corporation"/>
    <property name="maven.home" value="/usr/share/maven"/>
    <property name="file.separator" value="/"/>
    <property name="java.vendor.url.bug" value="http://bugreport.sun.com/bugreport/"/>
    <property name="sun.cpu.endian" value="little"/>
    <property name="sun.io.unicode.encoding" value="UnicodeLittle"/>
    <property name="sun.cpu.isalist" value=""/>
  </properties>
  <testcase name="test10getTagDefByGuid" classname="org.apache.ranger.rest.TestTagREST" time="0.001"/>
  <testcase name="test11getTagDefByGuid" classname="org.apache.ranger.rest.TestTagREST" time="0.001"/>
  <testcase name="test12getTagDefByName" classname="org.apache.ranger.rest.TestTagREST" time="0"/>
  <testcase name="test13getTagDefByName" classname="org.apache.ranger.rest.TestTagREST" time="0.001"/>
  <testcase name="test14getAllTagDefs" classname="org.apache.ranger.rest.TestTagREST" time="0.001"/>
  <testcase name="test15getAllTagDefs" classname="org.apache.ranger.rest.TestTagREST" time="0.001"/>
  <testcase name="test16getTagTypes" classname="org.apache.ranger.rest.TestTagREST" time="0.002"/>
  <testcase name="test17createTag" classname="org.apache.ranger.rest.TestTagREST" time="0.003"/>
  <testcase name="test18createTag" classname="org.apache.ranger.rest.TestTagREST" time="0.002"/>
  <testcase name="test19createTag" classname="org.apache.ranger.rest.TestTagREST" time="0.015"/>
  <testcase name="test1createTagDef" classname="org.apache.ranger.rest.TestTagREST" time="0.001"/>
  <testcase name="test20updateTagByGuid" classname="org.apache.ranger.rest.TestTagREST" time="0.006"/>
  <testcase name="test21deleteTag" classname="org.apache.ranger.rest.TestTagREST" time="0.002"/>
  <testcase name="test22deleteTagByGuid" classname="org.apache.ranger.rest.TestTagREST" time="0"/>
  <testcase name="test23getTag" classname="org.apache.ranger.rest.TestTagREST" time="0"/>
  <testcase name="test24getTagByGuid" classname="org.apache.ranger.rest.TestTagREST" time="0.003"/>
  <testcase name="test25getTagsByType" classname="org.apache.ranger.rest.TestTagREST" time="0.004"/>
  <testcase name="test26getAllTags" classname="org.apache.ranger.rest.TestTagREST" time="0"/>
  <testcase name="test27createServiceResource" classname="org.apache.ranger.rest.TestTagREST" time="0.002"/>
  <testcase name="test28createServiceResource" classname="org.apache.ranger.rest.TestTagREST" time="0.003"/>
  <testcase name="test29createServiceResource" classname="org.apache.ranger.rest.TestTagREST" time="0.003"/>
  <testcase name="test2createTagDef" classname="org.apache.ranger.rest.TestTagREST" time="0"/>
  <testcase name="test30updateServiceResourceByGuid" classname="org.apache.ranger.rest.TestTagREST" time="0"/>
  <testcase name="test31deleteServiceResource" classname="org.apache.ranger.rest.TestTagREST" time="0.003"/>
  <testcase name="test32getServiceResource" classname="org.apache.ranger.rest.TestTagREST" time="0.003"/>
  <testcase name="test33getServiceResourceByGuid" classname="org.apache.ranger.rest.TestTagREST" time="0.005"/>
  <testcase name="test34getServiceResourcesByService" classname="org.apache.ranger.rest.TestTagREST" time="0"/>
  <testcase name="test35getServiceResourcesByService" classname="org.apache.ranger.rest.TestTagREST" time="0.003"/>
  <testcase name="test36getServiceResourceByServiceAndResourceSignature" classname="org.apache.ranger.rest.TestTagREST" time="0"/>
  <testcase name="test37getAllServiceResources" classname="org.apache.ranger.rest.TestTagREST" time="0"/>
  <testcase name="test38createTagResourceMap" classname="org.apache.ranger.rest.TestTagREST" time="0.002"/>
  <testcase name="test39createTagResourceMap" classname="org.apache.ranger.rest.TestTagREST" time="0.004"/>
  <testcase name="test3createTagDef" classname="org.apache.ranger.rest.TestTagREST" time="0.002"/>
  <testcase name="test40createTagResourceMap" classname="org.apache.ranger.rest.TestTagREST" time="0.001"/>
  <testcase name="test41deleteTagResourceMap" classname="org.apache.ranger.rest.TestTagREST" time="0.001"/>
  <testcase name="test42deleteTagResourceMapByGuid" classname="org.apache.ranger.rest.TestTagREST" time="0.004"/>
  <testcase name="test43deleteTagResourceMap" classname="org.apache.ranger.rest.TestTagREST" time="0"/>
  <testcase name="test44getTagResourceMap" classname="org.apache.ranger.rest.TestTagREST" time="0"/>
  <testcase name="test45getTagResourceMapByGuid" classname="org.apache.ranger.rest.TestTagREST" time="0.004"/>
  <testcase name="test46getTagResourceMap" classname="org.apache.ranger.rest.TestTagREST" time="0"/>
  <testcase name="test47getAllTagResourceMaps" classname="org.apache.ranger.rest.TestTagREST" time="0"/>
  <testcase name="test48deleteServiceResourceByGuid" classname="org.apache.ranger.rest.TestTagREST" time="0.005"/>
  <testcase name="test49deleteServiceResourceByGuid" classname="org.apache.ranger.rest.TestTagREST" time="0"/>
  <testcase name="test4createTagDef" classname="org.apache.ranger.rest.TestTagREST" time="0.002"/>
  <testcase name="test50getServiceTagsIfUpdated" classname="org.apache.ranger.rest.TestTagREST" time="0.002"/>
  <testcase name="test51getServiceTagsIfUpdated" classname="org.apache.ranger.rest.TestTagREST" time="0.002"/>
  <testcase name="test52getSecureServiceTagsIfUpdatedIsKeyAdminTrue" classname="org.apache.ranger.rest.TestTagREST" time="0.004"/>
  <testcase name="test53getSecureServiceTagsIfUpdatedIsAdminTrue" classname="org.apache.ranger.rest.TestTagREST" time="0.003"/>
  <testcase name="test54getSecureServiceTagsIfUpdatedIsKeyAdminFalse" classname="org.apache.ranger.rest.TestTagREST" time="0.004"/>
  <testcase name="test55getSecureServiceTagsIfUpdatedIsAdminFalse" classname="org.apache.ranger.rest.TestTagREST" time="0.007"/>
  <testcase name="test56getSecureServiceTagsIfUpdatedIsAllowedFalse" classname="org.apache.ranger.rest.TestTagREST" time="0.003"/>
  <testcase name="test57getSecureServiceTagsIfUpdated" classname="org.apache.ranger.rest.TestTagREST" time="0.004"/>
  <testcase name="test58getAllTagResourceMaps" classname="org.apache.ranger.rest.TestTagREST" time="0"/>
  <testcase name="test59getServiceResourcesByService" classname="org.apache.ranger.rest.TestTagREST" time="0.002"/>
  <testcase name="test5deleteTagDef" classname="org.apache.ranger.rest.TestTagREST" time="0"/>
  <testcase name="test60getAllTags" classname="org.apache.ranger.rest.TestTagREST" time="0"/>
  <testcase name="test61deleteServiceResourceByGuid" classname="org.apache.ranger.rest.TestTagREST" time="0"/>
  <testcase name="test6deleteTagDefByGuid" classname="org.apache.ranger.rest.TestTagREST" time="0.001"/>
  <testcase name="test7deleteTagDefByGuid" classname="org.apache.ranger.rest.TestTagREST" time="0.001"/>
  <testcase name="test8getTagDef" classname="org.apache.ranger.rest.TestTagREST" time="0.001"/>
  <testcase name="test9getTagDef" classname="org.apache.ranger.rest.TestTagREST" time="0.001"/>
</testsuite>