<?xml version="1.0" encoding="UTF-8"?>
<testsuite name="org.apache.ranger.usergroupsync.TestLdapUserGroup" time="59.374" tests="29" errors="0" skipped="0" failures="0">
  <properties>
    <property name="java.runtime.name" value="OpenJDK Runtime Environment"/>
    <property name="sun.boot.library.path" value="/usr/lib/jvm/java-8-openjdk-amd64/jre/lib/amd64"/>
    <property name="java.vm.version" value="25.141-b15"/>
    <property name="java.vm.vendor" value="Oracle Corporation"/>
    <property name="maven.multiModuleProjectDirectory" value="/mnt"/>
    <property name="java.vendor.url" value="http://java.oracle.com/"/>
    <property name="path.separator" value=":"/>
    <property name="guice.disable.misplaced.annotation.check" value="true"/>
    <property name="java.vm.name" value="OpenJDK 64-Bit Server VM"/>
    <property name="file.encoding.pkg" value="sun.io"/>
    <property name="sun.java.launcher" value="SUN_STANDARD"/>
    <property name="sun.os.patch.level" value="unknown"/>
    <property name="java.vm.specification.name" value="Java Virtual Machine Specification"/>
    <property name="user.dir" value="/mnt"/>
    <property name="java.runtime.version" value="1.8.0_141-8u141-b15-1~deb9u1-b15"/>
    <property name="java.awt.graphicsenv" value="sun.awt.X11GraphicsEnvironment"/>
    <property name="java.endorsed.dirs" value="/usr/lib/jvm/java-8-openjdk-amd64/jre/lib/endorsed"/>
    <property name="os.arch" value="amd64"/>
    <property name="java.io.tmpdir" value="/tmp"/>
    <property name="line.separator" value="&#10;"/>
    <property name="java.vm.specification.vendor" value="Oracle Corporation"/>
    <property name="os.name" value="Linux"/>
    <property name="classworlds.conf" value="/usr/share/maven/bin/m2.conf"/>
    <property name="sun.jnu.encoding" value="UTF-8"/>
    <property name="java.library.path" value="/usr/java/packages/lib/amd64:/usr/lib/x86_64-linux-gnu/jni:/lib/x86_64-linux-gnu:/usr/lib/x86_64-linux-gnu:/usr/lib/jni:/lib:/usr/lib"/>
    <property name="maven.conf" value="/usr/share/maven/conf"/>
    <property name="java.specification.name" value="Java Platform API Specification"/>
    <property name="java.class.version" value="52.0"/>
    <property name="sun.management.compiler" value="HotSpot 64-Bit Tiered Compilers"/>
    <property name="skipTests" value="false"/>
    <property name="os.version" value="4.4.0-96-generic"/>
    <property name="library.jansi.path" value="/usr/share/maven/lib/jansi-native/linux64"/>
    <property name="user.home" value="/root"/>
    <property name="user.timezone" value="Etc/UTC"/>
    <property name="java.awt.printerjob" value="sun.print.PSPrinterJob"/>
    <property name="java.specification.version" value="1.8"/>
    <property name="file.encoding" value="UTF-8"/>
    <property name="user.name" value="root"/>
    <property name="java.class.path" value="/usr/share/maven/boot/plexus-classworlds-2.5.2.jar"/>
    <property name="java.vm.specification.version" value="1.8"/>
    <property name="sun.arch.data.model" value="64"/>
    <property name="java.home" value="/usr/lib/jvm/java-8-openjdk-amd64/jre"/>
    <property name="sun.java.command" value="org.codehaus.plexus.classworlds.launcher.Launcher -DskipTests=false clean compile package install assembly:assembly"/>
    <property name="java.specification.vendor" value="Oracle Corporation"/>
    <property name="user.language" value="en"/>
    <property name="awt.toolkit" value="sun.awt.X11.XToolkit"/>
    <property name="java.vm.info" value="mixed mode"/>
    <property name="java.version" value="1.8.0_141"/>
    <property name="java.ext.dirs" value="/usr/lib/jvm/java-8-openjdk-amd64/jre/lib/ext:/usr/java/packages/lib/ext"/>
    <property name="securerandom.source" value="file:/dev/./urandom"/>
    <property name="sun.boot.class.path" value="/usr/lib/jvm/java-8-openjdk-amd64/jre/lib/resources.jar:/usr/lib/jvm/java-8-openjdk-amd64/jre/lib/rt.jar:/usr/lib/jvm/java-8-openjdk-amd64/jre/lib/sunrsasign.jar:/usr/lib/jvm/java-8-openjdk-amd64/jre/lib/jsse.jar:/usr/lib/jvm/java-8-openjdk-amd64/jre/lib/jce.jar:/usr/lib/jvm/java-8-openjdk-amd64/jre/lib/charsets.jar:/usr/lib/jvm/java-8-openjdk-amd64/jre/lib/jfr.jar:/usr/lib/jvm/java-8-openjdk-amd64/jre/classes"/>
    <property name="java.vendor" value="Oracle Corporation"/>
    <property name="maven.home" value="/usr/share/maven"/>
    <property name="file.separator" value="/"/>
    <property name="java.vendor.url.bug" value="http://bugreport.sun.com/bugreport/"/>
    <property name="sun.cpu.endian" value="little"/>
    <property name="sun.io.unicode.encoding" value="UnicodeLittle"/>
    <property name="sun.cpu.isalist" value=""/>
  </properties>
  <testcase name="testUpdateSinkMultipleOUGroups" classname="org.apache.ranger.usergroupsync.TestLdapUserGroup" time="2.699"/>
  <testcase name="testUpdateSinkGroupSearchDisable" classname="org.apache.ranger.usergroupsync.TestLdapUserGroup" time="2.474"/>
  <testcase name="testMultipleOUGroupsNoGroupSearch" classname="org.apache.ranger.usergroupsync.TestLdapUserGroup" time="2.034"/>
  <testcase name="testMultipleOUInvalidOU" classname="org.apache.ranger.usergroupsync.TestLdapUserGroup" time="2.371"/>
  <testcase name="testGBWithUserSearchDisabled" classname="org.apache.ranger.usergroupsync.TestLdapUserGroup" time="1.554"/>
  <testcase name="testUpdateSinkWithEmptyUserSearchBase" classname="org.apache.ranger.usergroupsync.TestLdapUserGroup" time="1.757"/>
  <testcase name="testUpdateSinkMultipleOUsNoGroupSearch" classname="org.apache.ranger.usergroupsync.TestLdapUserGroup" time="1.807"/>
  <testcase name="testDeltaGBWithUserSearchDisabled" classname="org.apache.ranger.usergroupsync.TestLdapUserGroup" time="1.637"/>
  <testcase name="testDeltaUpdateSinkTotalGroups" classname="org.apache.ranger.usergroupsync.TestLdapUserGroup" time="1.546"/>
  <testcase name="testUpdateSinkShortUserName" classname="org.apache.ranger.usergroupsync.TestLdapUserGroup" time="1.647"/>
  <testcase name="testGroupBasedWithSingleOU" classname="org.apache.ranger.usergroupsync.TestLdapUserGroup" time="1.963"/>
  <testcase name="testUpdateSinkUserFilter" classname="org.apache.ranger.usergroupsync.TestLdapUserGroup" time="1.712"/>
  <testcase name="testDeltaUpdateSinkMultipleOUGroups" classname="org.apache.ranger.usergroupsync.TestLdapUserGroup" time="1.691"/>
  <testcase name="testUpdateSinkWithUserGroupMapping" classname="org.apache.ranger.usergroupsync.TestLdapUserGroup" time="3.876"/>
  <testcase name="testGroupBasedWithUserFilter" classname="org.apache.ranger.usergroupsync.TestLdapUserGroup" time="1.817"/>
  <testcase name="testDeltaGroupBasedWithUserFilter" classname="org.apache.ranger.usergroupsync.TestLdapUserGroup" time="1.831"/>
  <testcase name="testGBWithNoUsersAndUserSearchDisabled" classname="org.apache.ranger.usergroupsync.TestLdapUserGroup" time="1.667"/>
  <testcase name="testDeltaGroupBasedWithNoUsers" classname="org.apache.ranger.usergroupsync.TestLdapUserGroup" time="2.233"/>
  <testcase name="testUpdateSinkTotalGroups" classname="org.apache.ranger.usergroupsync.TestLdapUserGroup" time="3.488"/>
  <testcase name="testUpdateSinkWithoutPagedResults" classname="org.apache.ranger.usergroupsync.TestLdapUserGroup" time="1.652"/>
  <testcase name="testGBWithInvalidOU" classname="org.apache.ranger.usergroupsync.TestLdapUserGroup" time="1.585"/>
  <testcase name="testGroupBasedWithAllUsersAndGroups" classname="org.apache.ranger.usergroupsync.TestLdapUserGroup" time="1.807"/>
  <testcase name="testGroupBasedAllUsers" classname="org.apache.ranger.usergroupsync.TestLdapUserGroup" time="1.523"/>
  <testcase name="testGroupBasedWithNoUsers" classname="org.apache.ranger.usergroupsync.TestLdapUserGroup" time="1.541"/>
  <testcase name="testMultipleOUGroupsWithGroupSearch" classname="org.apache.ranger.usergroupsync.TestLdapUserGroup" time="4.267"/>
  <testcase name="testUpdateSinkTotalUsers" classname="org.apache.ranger.usergroupsync.TestLdapUserGroup" time="1.907"/>
  <testcase name="testUpdateSinkGroupFilter" classname="org.apache.ranger.usergroupsync.TestLdapUserGroup" time="2.023"/>
  <testcase name="testShortUserNameWithGroupBased" classname="org.apache.ranger.usergroupsync.TestLdapUserGroup" time="1.459"/>
  <testcase name="testUpdateSinkMultipleOUs" classname="org.apache.ranger.usergroupsync.TestLdapUserGroup" time="1.806"/>
</testsuite>